d:\onedrive\dokumenty\visual studio 2013\projects\thereaper-autonomous\thereaper-autonomous\debug\vc120.pdb
d:\onedrive\dokumenty\visual studio 2013\projects\thereaper-autonomous\thereaper-autonomous\debug\mainwindow.obj
d:\onedrive\dokumenty\visual studio 2013\projects\thereaper-autonomous\thereaper-autonomous\debug\main.obj
d:\onedrive\dokumenty\visual studio 2013\projects\thereaper-autonomous\thereaper-autonomous\debug\moc_mainwindow.obj
d:\onedrive\dokumenty\visual studio 2013\projects\thereaper-autonomous\thereaper-autonomous\debug\qrc_mainwindow.obj
d:\onedrive\dokumenty\visual studio 2013\projects\thereaper-autonomous\thereaper-autonomous\generatedfiles\ui_mainwindow.h
d:\onedrive\dokumenty\visual studio 2013\projects\thereaper-autonomous\thereaper-autonomous\generatedfiles\qrc_mainwindow.cpp
d:\onedrive\dokumenty\visual studio 2013\projects\thereaper-autonomous\thereaper-autonomous\generatedfiles\debug\moc_mainwindow.cpp
d:\onedrive\dokumenty\visual studio 2013\projects\thereaper-autonomous\thereaper-autonomous\debug\thereaper-autonomous.res
d:\onedrive\dokumenty\visual studio 2013\projects\thereaper-autonomous\win32\debug\thereaper-autonomous.pdb
d:\onedrive\dokumenty\visual studio 2013\projects\thereaper-autonomous\thereaper-autonomous\debug\thereape.b12702ad.tlog\cl.command.1.tlog
d:\onedrive\dokumenty\visual studio 2013\projects\thereaper-autonomous\thereaper-autonomous\debug\thereape.b12702ad.tlog\cl.read.1.tlog
d:\onedrive\dokumenty\visual studio 2013\projects\thereaper-autonomous\thereaper-autonomous\debug\thereape.b12702ad.tlog\cl.write.1.tlog
d:\onedrive\dokumenty\visual studio 2013\projects\thereaper-autonomous\thereaper-autonomous\debug\thereape.b12702ad.tlog\custombuild.command.1.tlog
d:\onedrive\dokumenty\visual studio 2013\projects\thereaper-autonomous\thereaper-autonomous\debug\thereape.b12702ad.tlog\custombuild.read.1.tlog
d:\onedrive\dokumenty\visual studio 2013\projects\thereaper-autonomous\thereaper-autonomous\debug\thereape.b12702ad.tlog\custombuild.write.1.tlog
d:\onedrive\dokumenty\visual studio 2013\projects\thereaper-autonomous\thereaper-autonomous\debug\thereape.b12702ad.tlog\link.command.1.tlog
d:\onedrive\dokumenty\visual studio 2013\projects\thereaper-autonomous\thereaper-autonomous\debug\thereape.b12702ad.tlog\link.read.1.tlog
d:\onedrive\dokumenty\visual studio 2013\projects\thereaper-autonomous\thereaper-autonomous\debug\thereape.b12702ad.tlog\link.write.1.tlog
d:\onedrive\dokumenty\visual studio 2013\projects\thereaper-autonomous\thereaper-autonomous\debug\thereape.b12702ad.tlog\rc.command.1.tlog
d:\onedrive\dokumenty\visual studio 2013\projects\thereaper-autonomous\thereaper-autonomous\debug\thereape.b12702ad.tlog\rc.read.1.tlog
d:\onedrive\dokumenty\visual studio 2013\projects\thereaper-autonomous\thereaper-autonomous\debug\thereape.b12702ad.tlog\rc.write.1.tlog
